mode: set
github.com/selabhvl/mbtcpn/goTPC/reader.go:26.71,28.16 2 1
github.com/selabhvl/mbtcpn/goTPC/reader.go:31.2,31.43 1 1
github.com/selabhvl/mbtcpn/goTPC/reader.go:28.16,30.3 1 0
github.com/selabhvl/mbtcpn/goTPC/coordinator.go:22.109,30.2 1 1
github.com/selabhvl/mbtcpn/goTPC/coordinator.go:35.93,37.36 1 1
github.com/selabhvl/mbtcpn/goTPC/coordinator.go:42.2,45.12 3 1
github.com/selabhvl/mbtcpn/goTPC/coordinator.go:87.2,87.36 1 1
github.com/selabhvl/mbtcpn/goTPC/coordinator.go:37.36,40.3 2 1
github.com/selabhvl/mbtcpn/goTPC/coordinator.go:45.12,47.7 2 1
github.com/selabhvl/mbtcpn/goTPC/coordinator.go:47.7,48.11 1 1
github.com/selabhvl/mbtcpn/goTPC/coordinator.go:49.34,50.12 1 1
github.com/selabhvl/mbtcpn/goTPC/coordinator.go:78.33,79.12 1 1
github.com/selabhvl/mbtcpn/goTPC/coordinator.go:50.12,52.6 1 0
github.com/selabhvl/mbtcpn/goTPC/coordinator.go:52.6,54.34 2 1
github.com/selabhvl/mbtcpn/goTPC/coordinator.go:54.34,56.36 2 1
github.com/selabhvl/mbtcpn/goTPC/coordinator.go:56.36,57.32 1 1
github.com/selabhvl/mbtcpn/goTPC/coordinator.go:67.8,67.38 1 1
github.com/selabhvl/mbtcpn/goTPC/coordinator.go:74.8,74.53 1 1
github.com/selabhvl/mbtcpn/goTPC/coordinator.go:57.32,58.28 1 1
github.com/selabhvl/mbtcpn/goTPC/coordinator.go:59.18,60.23 1 1
github.com/selabhvl/mbtcpn/goTPC/coordinator.go:61.17,64.20 3 1
github.com/selabhvl/mbtcpn/goTPC/coordinator.go:67.38,68.33 1 1
github.com/selabhvl/mbtcpn/goTPC/coordinator.go:72.9,72.20 1 1
github.com/selabhvl/mbtcpn/goTPC/coordinator.go:68.33,71.10 2 1
github.com/selabhvl/mbtcpn/goTPC/coordinator.go:79.12,81.6 1 0
github.com/selabhvl/mbtcpn/goTPC/coordinator.go:81.6,83.6 1 1
github.com/selabhvl/mbtcpn/goTPC/coordinator.go:91.94,93.2 1 1
github.com/selabhvl/mbtcpn/goTPC/coordinator.go:96.58,98.2 1 1
github.com/selabhvl/mbtcpn/goTPC/coordinator.go:101.55,103.2 1 1
github.com/selabhvl/mbtcpn/goTPC/coordinator.go:106.50,108.2 1 1
github.com/selabhvl/mbtcpn/goTPC/coordinator.go:111.48,113.2 1 1
github.com/selabhvl/mbtcpn/goTPC/coordinator.go:116.72,118.2 1 1
github.com/selabhvl/mbtcpn/goTPC/defs.go:56.36,58.2 1 1
github.com/selabhvl/mbtcpn/goTPC/defs.go:61.40,63.2 1 1
github.com/selabhvl/mbtcpn/goTPC/defs.go:66.37,68.2 1 1
github.com/selabhvl/mbtcpn/goTPC/defs.go:71.31,73.2 1 1
github.com/selabhvl/mbtcpn/goTPC/defs.go:76.35,78.2 1 1
github.com/selabhvl/mbtcpn/goTPC/defs.go:81.30,83.2 1 1
github.com/selabhvl/mbtcpn/goTPC/defs.go:117.52,119.2 1 1
github.com/selabhvl/mbtcpn/goTPC/defs.go:122.60,124.2 1 1
github.com/selabhvl/mbtcpn/goTPC/defs.go:132.42,134.2 1 1
github.com/selabhvl/mbtcpn/goTPC/defs.go:137.36,139.2 1 1
github.com/selabhvl/mbtcpn/goTPC/defs.go:142.34,144.2 1 1
github.com/selabhvl/mbtcpn/goTPC/defs.go:147.40,149.2 1 1
github.com/selabhvl/mbtcpn/goTPC/defs.go:152.46,154.2 1 1
github.com/selabhvl/mbtcpn/goTPC/defs.go:157.63,158.16 1 1
github.com/selabhvl/mbtcpn/goTPC/defs.go:162.2,164.17 2 1
github.com/selabhvl/mbtcpn/goTPC/defs.go:168.2,168.45 1 1
github.com/selabhvl/mbtcpn/goTPC/defs.go:158.16,160.3 1 0
github.com/selabhvl/mbtcpn/goTPC/defs.go:164.17,166.3 1 1
github.com/selabhvl/mbtcpn/goTPC/defs.go:168.45,170.3 1 1
github.com/selabhvl/mbtcpn/goTPC/defs.go:170.3,170.52 1 1
github.com/selabhvl/mbtcpn/goTPC/defs.go:170.52,172.3 1 1
github.com/selabhvl/mbtcpn/goTPC/defs.go:172.3,174.3 1 1
